\BOOKMARK [0][-]{chapter*.2}{Ringraziamenti}{}% 1
\BOOKMARK [0][-]{chapter*.3}{Introduzione}{}% 2
\BOOKMARK [0][-]{chapter.1}{Simulazione delle masse}{}% 3
\BOOKMARK [1][-]{section.1.1}{Stato dell'arte}{chapter.1}% 4
\BOOKMARK [2][-]{subsection.1.1.1}{Approccio su scala microscopica}{section.1.1}% 5
\BOOKMARK [2][-]{subsection.1.1.2}{Approccio su scala macroscopica}{section.1.1}% 6
\BOOKMARK [1][-]{section.1.2}{Approccio gerarchico}{chapter.1}% 7
\BOOKMARK [0][-]{chapter.2}{NetLogo e DesignPattern}{}% 8
\BOOKMARK [1][-]{section.2.1}{NetLogo}{chapter.2}% 9
\BOOKMARK [2][-]{subsection.2.1.1}{Storia}{section.2.1}% 10
\BOOKMARK [2][-]{subsection.2.1.2}{Linguaggio}{section.2.1}% 11
\BOOKMARK [1][-]{section.2.2}{Pattern Builder}{chapter.2}% 12
\BOOKMARK [2][-]{subsection.2.2.1}{Applicabilit\340}{section.2.2}% 13
\BOOKMARK [2][-]{subsection.2.2.2}{Partecipanti}{section.2.2}% 14
\BOOKMARK [2][-]{subsection.2.2.3}{Collaborazioni}{section.2.2}% 15
\BOOKMARK [2][-]{subsection.2.2.4}{Conseguenze}{section.2.2}% 16
\BOOKMARK [1][-]{section.2.3}{Pattern Visitor}{chapter.2}% 17
\BOOKMARK [2][-]{subsection.2.3.1}{Applicabilit\340}{section.2.3}% 18
\BOOKMARK [2][-]{subsection.2.3.2}{Partecipanti}{section.2.3}% 19
\BOOKMARK [2][-]{subsection.2.3.3}{Collaborazioni}{section.2.3}% 20
\BOOKMARK [2][-]{subsection.2.3.4}{Conseguenze}{section.2.3}% 21
\BOOKMARK [0][-]{chapter.3}{Sviluppo del progetto}{}% 22
\BOOKMARK [1][-]{section.3.1}{Struttura centrale}{chapter.3}% 23
\BOOKMARK [1][-]{section.3.2}{Builder}{chapter.3}% 24
\BOOKMARK [2][-]{subsection.3.2.1}{Funzionamento}{section.3.2}% 25
\BOOKMARK [1][-]{section.3.3}{Visitor}{chapter.3}% 26
\BOOKMARK [2][-]{subsection.3.3.1}{Funzionamento}{section.3.3}% 27
\BOOKMARK [1][-]{section.3.4}{Documento XML}{chapter.3}% 28
\BOOKMARK [2][-]{subsection.3.4.1}{Graph}{section.3.4}% 29
\BOOKMARK [2][-]{subsection.3.4.2}{Behaviors}{section.3.4}% 30
\BOOKMARK [2][-]{subsection.3.4.3}{System}{section.3.4}% 31
\BOOKMARK [1][-]{section.3.5}{Parser XML}{chapter.3}% 32
\BOOKMARK [1][-]{section.3.6}{Modello NetLogo}{chapter.3}% 33
\BOOKMARK [2][-]{subsection.3.6.1}{Ambiente}{section.3.6}% 34
\BOOKMARK [2][-]{subsection.3.6.2}{Behaviors e stato iniziale}{section.3.6}% 35
\BOOKMARK [1][-]{section.3.7}{Librerie usate}{chapter.3}% 36
\BOOKMARK [0][-]{chapter.4}{Esperimenti e risultati}{}% 37
\BOOKMARK [1][-]{section.4.1}{Modello monolitico}{chapter.4}% 38
\BOOKMARK [1][-]{section.4.2}{Scenari con macro regioni}{chapter.4}% 39
\BOOKMARK [1][-]{section.4.3}{Risultati}{chapter.4}% 40
\BOOKMARK [0][-]{chapter.5}{Conclusioni e sviluppi futuri}{}% 41
\BOOKMARK [0][-]{chapter.5}{Bibliografia}{}% 42
